app/build/intermediates/manifest_merge_blame_file/debug/manifest-merger-blame-debug-report.txt
1<?xml version="1.0" encoding="utf-8"?>
2<manifest xmlns:android="http://schemas.android.com/apk/res/android"
3    package="com.nudgr"
4    android:versionCode="1"
5    android:versionName="1.0.0" >
6
7    <uses-sdk
8        android:minSdkVersion="26"
9        android:targetSdkVersion="34" />
10
11    <!-- Permissions -->
12    <uses-permission android:name="android.permission.INTERNET" />
12-->src\main\AndroidManifest.xml:6:5-67
12-->src\main\AndroidManifest.xml:6:22-64
13    <uses-permission android:name="android.permission.POST_NOTIFICATIONS" />
13-->src\main\AndroidManifest.xml:7:5-77
13-->src\main\AndroidManifest.xml:7:22-74
14    <uses-permission android:name="android.permission.SYSTEM_ALERT_WINDOW" />
14-->src\main\AndroidManifest.xml:8:5-78
14-->src\main\AndroidManifest.xml:8:22-75
15    <uses-permission android:name="android.permission.REQUEST_IGNORE_BATTERY_OPTIMIZATIONS" />
15-->src\main\AndroidManifest.xml:9:5-95
15-->src\main\AndroidManifest.xml:9:22-92
16    <uses-permission android:name="android.permission.READ_EXTERNAL_STORAGE" />
16-->src\main\AndroidManifest.xml:10:5-80
16-->src\main\AndroidManifest.xml:10:22-77
17    <uses-permission android:name="android.permission.READ_MEDIA_IMAGES" />
17-->src\main\AndroidManifest.xml:11:5-76
17-->src\main\AndroidManifest.xml:11:22-73
18    <uses-permission android:name="android.permission.CAMERA" />
18-->src\main\AndroidManifest.xml:12:5-65
18-->src\main\AndroidManifest.xml:12:22-62
19    <uses-permission android:name="android.permission.WAKE_LOCK" />
19-->src\main\AndroidManifest.xml:13:5-68
19-->src\main\AndroidManifest.xml:13:22-65
20    <uses-permission android:name="android.permission.FOREGROUND_SERVICE" />
20-->src\main\AndroidManifest.xml:14:5-77
20-->src\main\AndroidManifest.xml:14:22-74
21    <uses-permission android:name="android.permission.FOREGROUND_SERVICE_SPECIAL_USE" />
21-->src\main\AndroidManifest.xml:15:5-89
21-->src\main\AndroidManifest.xml:15:22-86
22    <uses-permission android:name="android.permission.RECEIVE_BOOT_COMPLETED" />
22-->src\main\AndroidManifest.xml:16:5-81
22-->src\main\AndroidManifest.xml:16:22-78
23    <uses-permission android:name="android.permission.DISABLE_KEYGUARD" />
23-->src\main\AndroidManifest.xml:17:5-75
23-->src\main\AndroidManifest.xml:17:22-72
24    <uses-permission android:name="android.permission.USE_FULL_SCREEN_INTENT" />
24-->src\main\AndroidManifest.xml:18:5-81
24-->src\main\AndroidManifest.xml:18:22-78
25
26    <permission
26-->[androidx.core:core:1.10.1] AndroidManifest.xml:22:5-24:47
27        android:name="com.nudgr.DYNAMIC_RECEIVER_NOT_EXPORTED_PERMISSION"
27-->[androidx.core:core:1.10.1] AndroidManifest.xml:23:9-81
28        android:protectionLevel="signature" />
28-->[androidx.core:core:1.10.1] AndroidManifest.xml:24:9-44
29
30    <uses-permission android:name="com.nudgr.DYNAMIC_RECEIVER_NOT_EXPORTED_PERMISSION" />
30-->[androidx.core:core:1.10.1] AndroidManifest.xml:26:5-97
30-->[androidx.core:core:1.10.1] AndroidManifest.xml:26:22-94
31
32    <application
32-->src\main\AndroidManifest.xml:20:5-91:19
33        android:name="com.nudgr.NudgrApplication"
33-->src\main\AndroidManifest.xml:21:9-41
34        android:allowBackup="true"
34-->src\main\AndroidManifest.xml:22:9-35
35        android:appComponentFactory="androidx.core.app.CoreComponentFactory"
35-->[androidx.core:core:1.10.1] AndroidManifest.xml:28:18-86
36        android:debuggable="true"
37        android:extractNativeLibs="false"
38        android:icon="@mipmap/ic_launcher"
38-->src\main\AndroidManifest.xml:23:9-43
39        android:label="@string/app_name"
39-->src\main\AndroidManifest.xml:24:9-41
40        android:roundIcon="@mipmap/ic_launcher_round"
40-->src\main\AndroidManifest.xml:25:9-54
41        android:supportsRtl="true"
41-->src\main\AndroidManifest.xml:26:9-35
42        android:testOnly="true"
43        android:theme="@style/Theme.Nudgr" >
43-->src\main\AndroidManifest.xml:27:9-43
44        <activity
44-->src\main\AndroidManifest.xml:30:9-39:20
45            android:name="com.nudgr.MainActivity"
45-->src\main\AndroidManifest.xml:31:13-41
46            android:exported="true"
46-->src\main\AndroidManifest.xml:32:13-36
47            android:label="@string/app_name"
47-->src\main\AndroidManifest.xml:33:13-45
48            android:theme="@style/Theme.Nudgr" >
48-->src\main\AndroidManifest.xml:34:13-47
49            <intent-filter>
49-->src\main\AndroidManifest.xml:35:13-38:29
50                <action android:name="android.intent.action.MAIN" />
50-->src\main\AndroidManifest.xml:36:17-69
50-->src\main\AndroidManifest.xml:36:25-66
51
52                <category android:name="android.intent.category.LAUNCHER" />
52-->src\main\AndroidManifest.xml:37:17-77
52-->src\main\AndroidManifest.xml:37:27-74
53            </intent-filter>
54        </activity>
55
56        <!-- Reminder Activity for full-screen intent -->
57        <activity
57-->src\main\AndroidManifest.xml:42:9-48:59
58            android:name="com.nudgr.ui.reminder.ReminderActivity"
58-->src\main\AndroidManifest.xml:43:13-57
59            android:exported="false"
59-->src\main\AndroidManifest.xml:44:13-37
60            android:launchMode="singleTop"
60-->src\main\AndroidManifest.xml:45:13-43
61            android:showWhenLocked="true"
61-->src\main\AndroidManifest.xml:46:13-42
62            android:theme="@style/Theme.Nudgr.Reminder"
62-->src\main\AndroidManifest.xml:48:13-56
63            android:turnScreenOn="true" />
63-->src\main\AndroidManifest.xml:47:13-40
64
65        <!-- Session Engine Service -->
66        <service
66-->src\main\AndroidManifest.xml:51:9-55:58
67            android:name="com.nudgr.service.SessionEngineService"
67-->src\main\AndroidManifest.xml:52:13-57
68            android:enabled="true"
68-->src\main\AndroidManifest.xml:53:13-35
69            android:exported="false"
69-->src\main\AndroidManifest.xml:54:13-37
70            android:foregroundServiceType="specialUse" />
70-->src\main\AndroidManifest.xml:55:13-55
71
72        <!-- Screen Lock/Unlock Receiver -->
73        <receiver
73-->src\main\AndroidManifest.xml:58:9-66:20
74            android:name="com.nudgr.receiver.ScreenStateReceiver"
74-->src\main\AndroidManifest.xml:59:13-57
75            android:enabled="true"
75-->src\main\AndroidManifest.xml:60:13-35
76            android:exported="false" >
76-->src\main\AndroidManifest.xml:61:13-37
77            <intent-filter>
77-->src\main\AndroidManifest.xml:62:13-65:29
78                <action android:name="android.intent.action.SCREEN_OFF" />
78-->src\main\AndroidManifest.xml:63:17-75
78-->src\main\AndroidManifest.xml:63:25-72
79                <action android:name="android.intent.action.USER_PRESENT" />
79-->src\main\AndroidManifest.xml:64:17-77
79-->src\main\AndroidManifest.xml:64:25-74
80            </intent-filter>
81        </receiver>
82
83        <!-- Boot Receiver -->
84        <receiver
84-->src\main\AndroidManifest.xml:69:9-79:20
85            android:name="com.nudgr.receiver.BootReceiver"
85-->src\main\AndroidManifest.xml:70:13-50
86            android:enabled="true"
86-->src\main\AndroidManifest.xml:71:13-35
87            android:exported="false" >
87-->src\main\AndroidManifest.xml:72:13-37
88            <intent-filter android:priority="1000" >
88-->src\main\AndroidManifest.xml:73:13-78:29
88-->src\main\AndroidManifest.xml:73:28-51
89                <action android:name="android.intent.action.BOOT_COMPLETED" />
89-->src\main\AndroidManifest.xml:74:17-79
89-->src\main\AndroidManifest.xml:74:25-76
90                <action android:name="android.intent.action.MY_PACKAGE_REPLACED" />
90-->src\main\AndroidManifest.xml:75:17-84
90-->src\main\AndroidManifest.xml:75:25-81
91                <action android:name="android.intent.action.PACKAGE_REPLACED" />
91-->src\main\AndroidManifest.xml:76:17-81
91-->src\main\AndroidManifest.xml:76:25-78
92
93                <data android:scheme="package" />
93-->src\main\AndroidManifest.xml:77:17-50
93-->src\main\AndroidManifest.xml:77:23-47
94            </intent-filter>
95        </receiver>
96
97        <!-- Device Admin Receiver -->
98        <receiver
98-->src\main\AndroidManifest.xml:82:9-89:20
99            android:name="com.nudgr.receiver.DeviceAdminReceiver"
99-->src\main\AndroidManifest.xml:83:13-57
100            android:exported="false"
100-->src\main\AndroidManifest.xml:84:13-37
101            android:permission="android.permission.BIND_DEVICE_ADMIN" >
101-->src\main\AndroidManifest.xml:85:13-70
102            <intent-filter>
102-->src\main\AndroidManifest.xml:86:13-88:29
103                <action android:name="android.app.action.DEVICE_ADMIN_ENABLED" />
103-->src\main\AndroidManifest.xml:87:17-82
103-->src\main\AndroidManifest.xml:87:25-79
104            </intent-filter>
105        </receiver>
106
107        <activity
107-->[androidx.compose.ui:ui-test-manifest:1.4.3] AndroidManifest.xml:23:9-25:39
108            android:name="androidx.activity.ComponentActivity"
108-->[androidx.compose.ui:ui-test-manifest:1.4.3] AndroidManifest.xml:24:13-63
109            android:exported="true" />
109-->[androidx.compose.ui:ui-test-manifest:1.4.3] AndroidManifest.xml:25:13-36
110        <activity
110-->[androidx.compose.ui:ui-tooling:1.4.3] AndroidManifest.xml:23:9-25:39
111            android:name="androidx.compose.ui.tooling.PreviewActivity"
111-->[androidx.compose.ui:ui-tooling:1.4.3] AndroidManifest.xml:24:13-71
112            android:exported="true" />
112-->[androidx.compose.ui:ui-tooling:1.4.3] AndroidManifest.xml:25:13-36
113
114        <provider
114-->[androidx.emoji2:emoji2:1.3.0] AndroidManifest.xml:24:9-32:20
115            android:name="androidx.startup.InitializationProvider"
115-->[androidx.emoji2:emoji2:1.3.0] AndroidManifest.xml:25:13-67
116            android:authorities="com.nudgr.androidx-startup"
116-->[androidx.emoji2:emoji2:1.3.0] AndroidManifest.xml:26:13-68
117            android:exported="false" >
117-->[androidx.emoji2:emoji2:1.3.0] AndroidManifest.xml:27:13-37
118            <meta-data
118-->[androidx.emoji2:emoji2:1.3.0] AndroidManifest.xml:29:13-31:52
119                android:name="androidx.emoji2.text.EmojiCompatInitializer"
119-->[androidx.emoji2:emoji2:1.3.0] AndroidManifest.xml:30:17-75
120                android:value="androidx.startup" />
120-->[androidx.emoji2:emoji2:1.3.0] AndroidManifest.xml:31:17-49
121            <meta-data
121-->[androidx.lifecycle:lifecycle-process:2.6.2] AndroidManifest.xml:29:13-31:52
122                android:name="androidx.lifecycle.ProcessLifecycleInitializer"
122-->[androidx.lifecycle:lifecycle-process:2.6.2] AndroidManifest.xml:30:17-78
123                android:value="androidx.startup" />
123-->[androidx.lifecycle:lifecycle-process:2.6.2] AndroidManifest.xml:31:17-49
124            <meta-data
124-->[androidx.profileinstaller:profileinstaller:1.3.1] AndroidManifest.xml:29:13-31:52
125                android:name="androidx.profileinstaller.ProfileInstallerInitializer"
125-->[androidx.profileinstaller:profileinstaller:1.3.1] AndroidManifest.xml:30:17-85
126                android:value="androidx.startup" />
126-->[androidx.profileinstaller:profileinstaller:1.3.1] AndroidManifest.xml:31:17-49
127        </provider>
128
129        <service
129-->[androidx.room:room-runtime:2.5.0] AndroidManifest.xml:24:9-28:63
130            android:name="androidx.room.MultiInstanceInvalidationService"
130-->[androidx.room:room-runtime:2.5.0] AndroidManifest.xml:25:13-74
131            android:directBootAware="true"
131-->[androidx.room:room-runtime:2.5.0] AndroidManifest.xml:26:13-43
132            android:exported="false" />
132-->[androidx.room:room-runtime:2.5.0] AndroidManifest.xml:27:13-37
133
134        <receiver
134-->[androidx.profileinstaller:profileinstaller:1.3.1] AndroidManifest.xml:34:9-52:20
135            android:name="androidx.profileinstaller.ProfileInstallReceiver"
135-->[androidx.profileinstaller:profileinstaller:1.3.1] AndroidManifest.xml:35:13-76
136            android:directBootAware="false"
136-->[androidx.profileinstaller:profileinstaller:1.3.1] AndroidManifest.xml:36:13-44
137            android:enabled="true"
137-->[androidx.profileinstaller:profileinstaller:1.3.1] AndroidManifest.xml:37:13-35
138            android:exported="true"
138-->[androidx.profileinstaller:profileinstaller:1.3.1] AndroidManifest.xml:38:13-36
139            android:permission="android.permission.DUMP" >
139-->[androidx.profileinstaller:profileinstaller:1.3.1] AndroidManifest.xml:39:13-57
140            <intent-filter>
140-->[androidx.profileinstaller:profileinstaller:1.3.1] AndroidManifest.xml:40:13-42:29
141                <action android:name="androidx.profileinstaller.action.INSTALL_PROFILE" />
141-->[androidx.profileinstaller:profileinstaller:1.3.1] AndroidManifest.xml:41:17-91
141-->[androidx.profileinstaller:profileinstaller:1.3.1] AndroidManifest.xml:41:25-88
142            </intent-filter>
143            <intent-filter>
143-->[androidx.profileinstaller:profileinstaller:1.3.1] AndroidManifest.xml:43:13-45:29
144                <action android:name="androidx.profileinstaller.action.SKIP_FILE" />
144-->[androidx.profileinstaller:profileinstaller:1.3.1] AndroidManifest.xml:44:17-85
144-->[androidx.profileinstaller:profileinstaller:1.3.1] AndroidManifest.xml:44:25-82
145            </intent-filter>
146            <intent-filter>
146-->[androidx.profileinstaller:profileinstaller:1.3.1] AndroidManifest.xml:46:13-48:29
147                <action android:name="androidx.profileinstaller.action.SAVE_PROFILE" />
147-->[androidx.profileinstaller:profileinstaller:1.3.1] AndroidManifest.xml:47:17-88
147-->[androidx.profileinstaller:profileinstaller:1.3.1] AndroidManifest.xml:47:25-85
148            </intent-filter>
149            <intent-filter>
149-->[androidx.profileinstaller:profileinstaller:1.3.1] AndroidManifest.xml:49:13-51:29
150                <action android:name="androidx.profileinstaller.action.BENCHMARK_OPERATION" />
150-->[androidx.profileinstaller:profileinstaller:1.3.1] AndroidManifest.xml:50:17-95
150-->[androidx.profileinstaller:profileinstaller:1.3.1] AndroidManifest.xml:50:25-92
151            </intent-filter>
152        </receiver>
153    </application>
154
155</manifest>